Build started 12/11/2013 12:09:55 PM.
     1>Project "C:\Users\Mathew\Github\Muzzler.Windows\windows-sync\source\MuzzlerSync\MuzzlerSync.vcxproj" on node 2 (Rebuild target(s)).
     1>ClCompile:
         C:\Program Files (x86)\Microsoft Visual Studio 12.0\VC\bin\CL.exe /c /ZI /nologo /W3 /WX- /Od /Oy- /D WIN32 /D _DEBUG /D _WINDOWS /D _UNICODE /D UNICODE /Gm /EHsc /RTC1 /MDd /GS /fp:precise /Zc:wchar_t /Zc:forScope /Yc"stdafx.h" /Fp"bin\NotificationWidget.pch" /FAs /Fa"bin\\" /Fo"bin\\" /Fd"bin\vc120.pdb" /FR"bin\\" /Gd /TP /analyze- /errorReport:prompt MuzzlerSync.cpp stdafx.cpp
         stdafx.cpp
         MuzzlerSync.cpp
     1>c:\users\mathew\github\muzzler.windows\aurora-sdk\include\a2dwindowproperties.h(72): error C2146: syntax error : missing ';' before identifier 'aRealRect'
     1>c:\users\mathew\github\muzzler.windows\aurora-sdk\include\a2dwindowproperties.h(72): error C4430: missing type specifier - int assumed. Note: C++ does not support default-int
     1>c:\users\mathew\github\muzzler.windows\aurora-sdk\include\a2dwindowproperties.h(73): error C2146: syntax error : missing ';' before identifier 'aRelativeRect'
     1>c:\users\mathew\github\muzzler.windows\aurora-sdk\include\a2dwindowproperties.h(73): error C4430: missing type specifier - int assumed. Note: C++ does not support default-int
     1>c:\users\mathew\github\muzzler.windows\aurora-sdk\include\a2dwindowproperties.h(74): error C2146: syntax error : missing ';' before identifier 'aRealDims'
     1>c:\users\mathew\github\muzzler.windows\aurora-sdk\include\a2dwindowproperties.h(74): error C4430: missing type specifier - int assumed. Note: C++ does not support default-int
     1>c:\users\mathew\github\muzzler.windows\aurora-sdk\include\a2dwindowproperties.h(75): error C2146: syntax error : missing ';' before identifier 'aRelativeDims'
     1>c:\users\mathew\github\muzzler.windows\aurora-sdk\include\a2dwindowproperties.h(75): error C4430: missing type specifier - int assumed. Note: C++ does not support default-int
     1>c:\users\mathew\github\muzzler.windows\aurora-sdk\include\a2dwindowproperties.h(88): error C2143: syntax error : missing ';' before '*'
     1>c:\users\mathew\github\muzzler.windows\aurora-sdk\include\a2dwindowproperties.h(88): error C4430: missing type specifier - int assumed. Note: C++ does not support default-int
     1>c:\users\mathew\github\muzzler.windows\aurora-sdk\include\a2dwindowproperties.h(88): warning C4183: 'GetRealBounds': missing return type; assumed to be a member function returning 'int'
     1>c:\users\mathew\github\muzzler.windows\aurora-sdk\include\a2dwindowproperties.h(89): error C2143: syntax error : missing ';' before '*'
     1>c:\users\mathew\github\muzzler.windows\aurora-sdk\include\a2dwindowproperties.h(89): error C4430: missing type specifier - int assumed. Note: C++ does not support default-int
     1>c:\users\mathew\github\muzzler.windows\aurora-sdk\include\a2dwindowproperties.h(89): warning C4183: 'GetRelativeBounds': missing return type; assumed to be a member function returning 'int'
     1>c:\users\mathew\github\muzzler.windows\aurora-sdk\include\a2dwindowproperties.h(90): error C2143: syntax error : missing ';' before '*'
     1>c:\users\mathew\github\muzzler.windows\aurora-sdk\include\a2dwindowproperties.h(90): error C4430: missing type specifier - int assumed. Note: C++ does not support default-int
     1>c:\users\mathew\github\muzzler.windows\aurora-sdk\include\a2dwindowproperties.h(90): warning C4183: 'GetRealSize': missing return type; assumed to be a member function returning 'int'
     1>c:\users\mathew\github\muzzler.windows\aurora-sdk\include\a2dwindowproperties.h(91): error C2143: syntax error : missing ';' before '*'
     1>c:\users\mathew\github\muzzler.windows\aurora-sdk\include\a2dwindowproperties.h(91): error C4430: missing type specifier - int assumed. Note: C++ does not support default-int
     1>c:\users\mathew\github\muzzler.windows\aurora-sdk\include\a2dwindowproperties.h(91): warning C4183: 'GetRelativeSize': missing return type; assumed to be a member function returning 'int'
     1>c:\users\mathew\github\muzzler.windows\aurora-sdk\include\a2dwindowproperties.h(96): error C2061: syntax error : identifier 'A2DRect'
     1>c:\users\mathew\github\muzzler.windows\aurora-sdk\include\a2dwindowproperties.h(97): error C2061: syntax error : identifier 'A2DRect'
     1>c:\users\mathew\github\muzzler.windows\windows-sync\source\muzzlersync\muzzlersync.cpp(34): error C2228: left of '.Initialize' must have class/struct/union
     1>c:\users\mathew\github\muzzler.windows\windows-sync\source\muzzlersync\muzzlersync.cpp(36): error C2227: left of '->GetWindow' must point to class/struct/union/generic type
     1>c:\users\mathew\github\muzzler.windows\windows-sync\source\muzzlersync\muzzlersync.cpp(41): error C2039: 'SetName' : is not a member of 'A2DWindow'
                 c:\users\mathew\github\muzzler.windows\aurora-sdk\include\a2dwindow.h(71) : see declaration of 'A2DWindow'
     1>c:\users\mathew\github\muzzler.windows\windows-sync\source\muzzlersync\muzzlersync.cpp(44): error C2039: 'SetBounds' : is not a member of 'A2DWindow'
                 c:\users\mathew\github\muzzler.windows\aurora-sdk\include\a2dwindow.h(71) : see declaration of 'A2DWindow'
     1>c:\users\mathew\github\muzzler.windows\windows-sync\source\muzzlersync\muzzlersync.cpp(45): error C2039: 'SetBounds' : is not a member of 'A2DWindow'
                 c:\users\mathew\github\muzzler.windows\aurora-sdk\include\a2dwindow.h(71) : see declaration of 'A2DWindow'
     1>c:\users\mathew\github\muzzler.windows\windows-sync\source\muzzlersync\muzzlersync.cpp(45): error C2065: 'windowRect' : undeclared identifier
     1>c:\users\mathew\github\muzzler.windows\windows-sync\source\muzzlersync\muzzlersync.cpp(47): error C2065: 'windowDims' : undeclared identifier
     1>c:\users\mathew\github\muzzler.windows\windows-sync\source\muzzlersync\muzzlersync.cpp(49): error C2039: 'SetRelativeTo' : is not a member of 'A2DWindow'
                 c:\users\mathew\github\muzzler.windows\aurora-sdk\include\a2dwindow.h(71) : see declaration of 'A2DWindow'
     1>c:\users\mathew\github\muzzler.windows\windows-sync\source\muzzlersync\muzzlersync.cpp(50): error C2039: 'SetVsync' : is not a member of 'A2DWindow'
                 c:\users\mathew\github\muzzler.windows\aurora-sdk\include\a2dwindow.h(71) : see declaration of 'A2DWindow'
     1>c:\users\mathew\github\muzzler.windows\windows-sync\source\muzzlersync\muzzlersync.cpp(51): error C2039: 'SetFullscreen' : is not a member of 'A2DWindow'
                 c:\users\mathew\github\muzzler.windows\aurora-sdk\include\a2dwindow.h(71) : see declaration of 'A2DWindow'
     1>c:\users\mathew\github\muzzler.windows\windows-sync\source\muzzlersync\muzzlersync.cpp(52): error C2039: 'SetDefaultCloseOperation' : is not a member of 'A2DWindow'
                 c:\users\mathew\github\muzzler.windows\aurora-sdk\include\a2dwindow.h(71) : see declaration of 'A2DWindow'
     1>c:\users\mathew\github\muzzler.windows\windows-sync\source\muzzlersync\muzzlersync.cpp(52): error C2065: 'A2DWINDOW_EXIT_ON_CLOSE' : undeclared identifier
     1>c:\users\mathew\github\muzzler.windows\windows-sync\source\muzzlersync\muzzlersync.cpp(56): error C2227: left of '->GetRootPane' must point to class/struct/union/generic type
     1>c:\users\mathew\github\muzzler.windows\windows-sync\source\muzzlersync\muzzlersync.cpp(64): error C2660: 'A2DAbstractComponent::SetBounds' : function does not take 4 arguments
     1>c:\users\mathew\github\muzzler.windows\windows-sync\source\muzzlersync\muzzlersync.cpp(65): error C2660: 'A2DAbstractComponent::SetBounds' : function does not take 4 arguments
     1>c:\users\mathew\github\muzzler.windows\windows-sync\source\muzzlersync\muzzlersync.cpp(67): error C2065: 'file3' : undeclared identifier
     1>c:\users\mathew\github\muzzler.windows\windows-sync\source\muzzlersync\muzzlersync.cpp(68): error C2065: 'file4' : undeclared identifier
     1>c:\users\mathew\github\muzzler.windows\windows-sync\source\muzzlersync\muzzlersync.cpp(69): error C2065: 'file4' : undeclared identifier
     1>c:\users\mathew\github\muzzler.windows\windows-sync\source\muzzlersync\muzzlersync.cpp(79): error C2065: 'A2DUtilities' : undeclared identifier
     1>c:\users\mathew\github\muzzler.windows\windows-sync\source\muzzlersync\muzzlersync.cpp(79): error C2228: left of '.invokeLater' must have class/struct/union
                 type is 'unknown-type'
     1>c:\users\mathew\github\muzzler.windows\windows-sync\source\muzzlersync\muzzlersync.cpp(79): error C2061: syntax error : identifier 'A2DWorker'
     1>c:\users\mathew\github\muzzler.windows\windows-sync\source\muzzlersync\muzzlersync.cpp(82): error C2143: syntax error : missing ';' before '{'
     1>c:\users\mathew\github\muzzler.windows\windows-sync\source\muzzlersync\muzzlersync.cpp(83): error C2143: syntax error : missing ')' before ';'
     1>c:\users\mathew\github\muzzler.windows\windows-sync\source\muzzlersync\muzzlersync.cpp(83): error C2143: syntax error : missing ';' before ')'
     1>c:\users\mathew\github\muzzler.windows\windows-sync\source\muzzlersync\muzzlersync.cpp(85): error C2059: syntax error : ')'
     1>c:\users\mathew\github\muzzler.windows\windows-sync\source\muzzlersync\muzzlersync.cpp(87): error C2059: syntax error : 'return'
     1>c:\users\mathew\github\muzzler.windows\windows-sync\source\muzzlersync\muzzlersync.cpp(88): error C2059: syntax error : '}'
     1>c:\users\mathew\github\muzzler.windows\windows-sync\source\muzzlersync\muzzlersync.cpp(88): error C2143: syntax error : missing ';' before '}'
     1>Done Building Project "C:\Users\Mathew\Github\Muzzler.Windows\windows-sync\source\MuzzlerSync\MuzzlerSync.vcxproj" (Rebuild target(s)) -- FAILED.

Build FAILED.

Time Elapsed 00:00:02.93
