c:\users\mathew\dropbox\muzzler\windows-sync\muzzlersync\debug\muzzlersync.pch
c:\users\mathew\dropbox\muzzler\windows-sync\muzzlersync\debug\vc120.pdb
c:\users\mathew\dropbox\muzzler\windows-sync\muzzlersync\debug\vc120.idb
c:\users\mathew\dropbox\muzzler\windows-sync\muzzlersync\debug\stdafx.sbr
c:\users\mathew\dropbox\muzzler\windows-sync\muzzlersync\debug\stdafx.obj
c:\users\mathew\dropbox\muzzler\windows-sync\muzzlersync\debug\stdafx.asm
c:\users\mathew\dropbox\muzzler\windows-sync\muzzlersync\debug\muzzlersync.sbr
c:\users\mathew\dropbox\muzzler\windows-sync\muzzlersync\debug\muzzlersync.obj
c:\users\mathew\dropbox\muzzler\windows-sync\muzzlersync\debug\muzzlersync.asm
c:\users\mathew\dropbox\muzzler\windows-sync\muzzlersync\debug\a2dwindowproperties.sbr
c:\users\mathew\dropbox\muzzler\windows-sync\muzzlersync\debug\a2dwindow.sbr
c:\users\mathew\dropbox\muzzler\windows-sync\muzzlersync\debug\a2dvertexdata.sbr
c:\users\mathew\dropbox\muzzler\windows-sync\muzzlersync\debug\a2dtexturex.sbr
c:\users\mathew\dropbox\muzzler\windows-sync\muzzlersync\debug\a2dtextureshader.sbr
c:\users\mathew\dropbox\muzzler\windows-sync\muzzlersync\debug\a2dtexturebuffer.sbr
c:\users\mathew\dropbox\muzzler\windows-sync\muzzlersync\debug\a2dtexture.sbr
c:\users\mathew\dropbox\muzzler\windows-sync\muzzlersync\debug\a2drootpane.sbr
c:\users\mathew\dropbox\muzzler\windows-sync\muzzlersync\debug\a2drenderdata.sbr
c:\users\mathew\dropbox\muzzler\windows-sync\muzzlersync\debug\a2drenderable.sbr
c:\users\mathew\dropbox\muzzler\windows-sync\muzzlersync\debug\a2dquadx.sbr
c:\users\mathew\dropbox\muzzler\windows-sync\muzzlersync\debug\a2dquad.sbr
c:\users\mathew\dropbox\muzzler\windows-sync\muzzlersync\debug\a2dpanel.sbr
c:\users\mathew\dropbox\muzzler\windows-sync\muzzlersync\debug\a2dmatrixfactory.sbr
c:\users\mathew\dropbox\muzzler\windows-sync\muzzlersync\debug\a2dimageproperties.sbr
c:\users\mathew\dropbox\muzzler\windows-sync\muzzlersync\debug\a2dgraphics.sbr
c:\users\mathew\dropbox\muzzler\windows-sync\muzzlersync\debug\a2dfileinfo.sbr
c:\users\mathew\dropbox\muzzler\windows-sync\muzzlersync\debug\a2dcomponent.sbr
c:\users\mathew\dropbox\muzzler\windows-sync\muzzlersync\debug\a2dcameraproperties.sbr
c:\users\mathew\dropbox\muzzler\windows-sync\muzzlersync\debug\a2dcamera.sbr
c:\users\mathew\dropbox\muzzler\windows-sync\muzzlersync\debug\a2dcamera.obj
c:\users\mathew\dropbox\muzzler\windows-sync\muzzlersync\debug\a2dcamera.asm
c:\users\mathew\dropbox\muzzler\windows-sync\muzzlersync\debug\a2dcameraproperties.obj
c:\users\mathew\dropbox\muzzler\windows-sync\muzzlersync\debug\a2dcameraproperties.asm
c:\users\mathew\dropbox\muzzler\windows-sync\muzzlersync\debug\a2dcomponent.obj
c:\users\mathew\dropbox\muzzler\windows-sync\muzzlersync\debug\a2dcomponent.asm
c:\users\mathew\dropbox\muzzler\windows-sync\muzzlersync\debug\a2dfileinfo.obj
c:\users\mathew\dropbox\muzzler\windows-sync\muzzlersync\debug\a2dfileinfo.asm
c:\users\mathew\dropbox\muzzler\windows-sync\muzzlersync\debug\a2dimageproperties.obj
c:\users\mathew\dropbox\muzzler\windows-sync\muzzlersync\debug\a2dimageproperties.asm
c:\users\mathew\dropbox\muzzler\windows-sync\muzzlersync\debug\a2dmatrixfactory.obj
c:\users\mathew\dropbox\muzzler\windows-sync\muzzlersync\debug\a2dmatrixfactory.asm
c:\users\mathew\dropbox\muzzler\windows-sync\muzzlersync\debug\a2dpanel.obj
c:\users\mathew\dropbox\muzzler\windows-sync\muzzlersync\debug\a2dpanel.asm
c:\users\mathew\dropbox\muzzler\windows-sync\muzzlersync\debug\a2dquad.obj
c:\users\mathew\dropbox\muzzler\windows-sync\muzzlersync\debug\a2dquad.asm
c:\users\mathew\dropbox\muzzler\windows-sync\muzzlersync\debug\a2dquadx.obj
c:\users\mathew\dropbox\muzzler\windows-sync\muzzlersync\debug\a2dquadx.asm
c:\users\mathew\dropbox\muzzler\windows-sync\muzzlersync\debug\a2drenderable.obj
c:\users\mathew\dropbox\muzzler\windows-sync\muzzlersync\debug\a2drenderable.asm
c:\users\mathew\dropbox\muzzler\windows-sync\muzzlersync\debug\a2drenderdata.obj
c:\users\mathew\dropbox\muzzler\windows-sync\muzzlersync\debug\a2drenderdata.asm
c:\users\mathew\dropbox\muzzler\windows-sync\muzzlersync\debug\a2drootpane.obj
c:\users\mathew\dropbox\muzzler\windows-sync\muzzlersync\debug\a2drootpane.asm
c:\users\mathew\dropbox\muzzler\windows-sync\muzzlersync\debug\a2dtexture.obj
c:\users\mathew\dropbox\muzzler\windows-sync\muzzlersync\debug\a2dtexture.asm
c:\users\mathew\dropbox\muzzler\windows-sync\muzzlersync\debug\a2dtexturebuffer.obj
c:\users\mathew\dropbox\muzzler\windows-sync\muzzlersync\debug\a2dtexturebuffer.asm
c:\users\mathew\dropbox\muzzler\windows-sync\muzzlersync\debug\a2dtextureshader.obj
c:\users\mathew\dropbox\muzzler\windows-sync\muzzlersync\debug\a2dtextureshader.asm
c:\users\mathew\dropbox\muzzler\windows-sync\muzzlersync\debug\a2dtexturex.obj
c:\users\mathew\dropbox\muzzler\windows-sync\muzzlersync\debug\a2dtexturex.asm
c:\users\mathew\dropbox\muzzler\windows-sync\muzzlersync\debug\a2dvertexdata.obj
c:\users\mathew\dropbox\muzzler\windows-sync\muzzlersync\debug\a2dvertexdata.asm
c:\users\mathew\dropbox\muzzler\windows-sync\muzzlersync\debug\a2dwindow.obj
c:\users\mathew\dropbox\muzzler\windows-sync\muzzlersync\debug\a2dwindow.asm
c:\users\mathew\dropbox\muzzler\windows-sync\muzzlersync\debug\a2dwindowproperties.obj
c:\users\mathew\dropbox\muzzler\windows-sync\muzzlersync\debug\a2dwindowproperties.asm
c:\users\mathew\dropbox\muzzler\windows-sync\muzzlersync\debug\a2dbackbuffer.sbr
c:\users\mathew\dropbox\muzzler\windows-sync\muzzlersync\debug\a2dabstracttexture.sbr
c:\users\mathew\dropbox\muzzler\windows-sync\muzzlersync\debug\a2dabstractshape.sbr
c:\users\mathew\dropbox\muzzler\windows-sync\muzzlersync\debug\a2dabstractshader.sbr
c:\users\mathew\dropbox\muzzler\windows-sync\muzzlersync\debug\a2dabstractpipelinecomponent.sbr
c:\users\mathew\dropbox\muzzler\windows-sync\muzzlersync\debug\a2dabstractcomponent.sbr
c:\users\mathew\dropbox\muzzler\windows-sync\muzzlersync\debug\a2dabstract.sbr
c:\users\mathew\dropbox\muzzler\windows-sync\muzzlersync\debug\a2d.sbr
c:\users\mathew\dropbox\muzzler\windows-sync\muzzlersync\debug\a2dabstract.obj
c:\users\mathew\dropbox\muzzler\windows-sync\muzzlersync\debug\a2dabstract.asm
c:\users\mathew\dropbox\muzzler\windows-sync\muzzlersync\debug\a2dabstractcomponent.obj
c:\users\mathew\dropbox\muzzler\windows-sync\muzzlersync\debug\a2dabstractcomponent.asm
c:\users\mathew\dropbox\muzzler\windows-sync\muzzlersync\debug\a2dabstractpipelinecomponent.obj
c:\users\mathew\dropbox\muzzler\windows-sync\muzzlersync\debug\a2dabstractpipelinecomponent.asm
c:\users\mathew\dropbox\muzzler\windows-sync\muzzlersync\debug\a2dabstractshader.obj
c:\users\mathew\dropbox\muzzler\windows-sync\muzzlersync\debug\a2dabstractshader.asm
c:\users\mathew\dropbox\muzzler\windows-sync\muzzlersync\debug\a2dabstractshape.obj
c:\users\mathew\dropbox\muzzler\windows-sync\muzzlersync\debug\a2dabstractshape.asm
c:\users\mathew\dropbox\muzzler\windows-sync\muzzlersync\debug\a2dabstracttexture.obj
c:\users\mathew\dropbox\muzzler\windows-sync\muzzlersync\debug\a2dabstracttexture.asm
c:\users\mathew\dropbox\muzzler\windows-sync\muzzlersync\debug\a2dbackbuffer.obj
c:\users\mathew\dropbox\muzzler\windows-sync\muzzlersync\debug\a2dbackbuffer.asm
c:\users\brent\dropbox\muzzler\windows-sync\muzzlersync\debug\muzzlersync.pch
c:\users\brent\dropbox\muzzler\windows-sync\muzzlersync\debug\vc120.pdb
c:\users\brent\dropbox\muzzler\windows-sync\muzzlersync\debug\vc120.idb
c:\users\brent\dropbox\muzzler\windows-sync\muzzlersync\debug\stdafx.sbr
c:\users\brent\dropbox\muzzler\windows-sync\muzzlersync\debug\stdafx.obj
c:\users\brent\dropbox\muzzler\windows-sync\muzzlersync\debug\stdafx.asm
c:\users\brent\dropbox\muzzler\windows-sync\muzzlersync\debug\muzzlersync.sbr
c:\users\brent\dropbox\muzzler\windows-sync\muzzlersync\debug\muzzlersync.obj
c:\users\brent\dropbox\muzzler\windows-sync\muzzlersync\debug\muzzlersync.asm
c:\users\brent\dropbox\muzzler\windows-sync\muzzlersync\debug\a2dwindowproperties.sbr
c:\users\brent\dropbox\muzzler\windows-sync\muzzlersync\debug\a2dwindow.sbr
c:\users\brent\dropbox\muzzler\windows-sync\muzzlersync\debug\a2dvertexdata.sbr
c:\users\brent\dropbox\muzzler\windows-sync\muzzlersync\debug\a2dtexturex.sbr
c:\users\brent\dropbox\muzzler\windows-sync\muzzlersync\debug\a2dtextureshader.sbr
c:\users\brent\dropbox\muzzler\windows-sync\muzzlersync\debug\a2dtexturebuffer.sbr
c:\users\brent\dropbox\muzzler\windows-sync\muzzlersync\debug\a2dtexture.sbr
c:\users\brent\dropbox\muzzler\windows-sync\muzzlersync\debug\a2drootpane.sbr
c:\users\brent\dropbox\muzzler\windows-sync\muzzlersync\debug\a2drenderdata.sbr
c:\users\brent\dropbox\muzzler\windows-sync\muzzlersync\debug\a2drenderable.sbr
c:\users\brent\dropbox\muzzler\windows-sync\muzzlersync\debug\a2dquadx.sbr
c:\users\brent\dropbox\muzzler\windows-sync\muzzlersync\debug\a2dquad.sbr
c:\users\brent\dropbox\muzzler\windows-sync\muzzlersync\debug\a2dpanel.sbr
c:\users\brent\dropbox\muzzler\windows-sync\muzzlersync\debug\a2dmatrixfactory.sbr
c:\users\brent\dropbox\muzzler\windows-sync\muzzlersync\debug\a2dimageproperties.sbr
c:\users\brent\dropbox\muzzler\windows-sync\muzzlersync\debug\a2dgraphics.sbr
c:\users\brent\dropbox\muzzler\windows-sync\muzzlersync\debug\a2dfileinfo.sbr
c:\users\brent\dropbox\muzzler\windows-sync\muzzlersync\debug\a2dcomponent.sbr
c:\users\brent\dropbox\muzzler\windows-sync\muzzlersync\debug\a2dcameraproperties.sbr
c:\users\brent\dropbox\muzzler\windows-sync\muzzlersync\debug\a2dcamera.sbr
c:\users\brent\dropbox\muzzler\windows-sync\muzzlersync\debug\a2dcamera.obj
c:\users\brent\dropbox\muzzler\windows-sync\muzzlersync\debug\a2dcamera.asm
c:\users\brent\dropbox\muzzler\windows-sync\muzzlersync\debug\a2dcameraproperties.obj
c:\users\brent\dropbox\muzzler\windows-sync\muzzlersync\debug\a2dcameraproperties.asm
c:\users\brent\dropbox\muzzler\windows-sync\muzzlersync\debug\a2dcomponent.obj
c:\users\brent\dropbox\muzzler\windows-sync\muzzlersync\debug\a2dcomponent.asm
c:\users\brent\dropbox\muzzler\windows-sync\muzzlersync\debug\a2dfileinfo.obj
c:\users\brent\dropbox\muzzler\windows-sync\muzzlersync\debug\a2dfileinfo.asm
c:\users\brent\dropbox\muzzler\windows-sync\muzzlersync\debug\a2dimageproperties.obj
c:\users\brent\dropbox\muzzler\windows-sync\muzzlersync\debug\a2dimageproperties.asm
c:\users\brent\dropbox\muzzler\windows-sync\muzzlersync\debug\a2dmatrixfactory.obj
c:\users\brent\dropbox\muzzler\windows-sync\muzzlersync\debug\a2dmatrixfactory.asm
c:\users\brent\dropbox\muzzler\windows-sync\muzzlersync\debug\a2dpanel.obj
c:\users\brent\dropbox\muzzler\windows-sync\muzzlersync\debug\a2dpanel.asm
c:\users\brent\dropbox\muzzler\windows-sync\muzzlersync\debug\a2dquad.obj
c:\users\brent\dropbox\muzzler\windows-sync\muzzlersync\debug\a2dquad.asm
c:\users\brent\dropbox\muzzler\windows-sync\muzzlersync\debug\a2dquadx.obj
c:\users\brent\dropbox\muzzler\windows-sync\muzzlersync\debug\a2dquadx.asm
c:\users\brent\dropbox\muzzler\windows-sync\muzzlersync\debug\a2drenderable.obj
c:\users\brent\dropbox\muzzler\windows-sync\muzzlersync\debug\a2drenderable.asm
c:\users\brent\dropbox\muzzler\windows-sync\muzzlersync\debug\a2drenderdata.obj
c:\users\brent\dropbox\muzzler\windows-sync\muzzlersync\debug\a2drenderdata.asm
c:\users\brent\dropbox\muzzler\windows-sync\muzzlersync\debug\a2drootpane.obj
c:\users\brent\dropbox\muzzler\windows-sync\muzzlersync\debug\a2drootpane.asm
c:\users\brent\dropbox\muzzler\windows-sync\muzzlersync\debug\a2dtexture.obj
c:\users\brent\dropbox\muzzler\windows-sync\muzzlersync\debug\a2dtexture.asm
c:\users\brent\dropbox\muzzler\windows-sync\muzzlersync\debug\a2dtexturebuffer.obj
c:\users\brent\dropbox\muzzler\windows-sync\muzzlersync\debug\a2dtexturebuffer.asm
c:\users\brent\dropbox\muzzler\windows-sync\muzzlersync\debug\a2dtextureshader.obj
c:\users\brent\dropbox\muzzler\windows-sync\muzzlersync\debug\a2dtextureshader.asm
c:\users\brent\dropbox\muzzler\windows-sync\muzzlersync\debug\a2dtexturex.obj
c:\users\brent\dropbox\muzzler\windows-sync\muzzlersync\debug\a2dtexturex.asm
c:\users\brent\dropbox\muzzler\windows-sync\muzzlersync\debug\a2dvertexdata.obj
c:\users\brent\dropbox\muzzler\windows-sync\muzzlersync\debug\a2dvertexdata.asm
c:\users\brent\dropbox\muzzler\windows-sync\muzzlersync\debug\a2dwindow.obj
c:\users\brent\dropbox\muzzler\windows-sync\muzzlersync\debug\a2dwindow.asm
c:\users\brent\dropbox\muzzler\windows-sync\muzzlersync\debug\a2dwindowproperties.obj
c:\users\brent\dropbox\muzzler\windows-sync\muzzlersync\debug\a2dwindowproperties.asm
c:\users\brent\dropbox\muzzler\windows-sync\muzzlersync\debug\a2dbackbuffer.sbr
c:\users\brent\dropbox\muzzler\windows-sync\muzzlersync\debug\a2dabstracttexture.sbr
c:\users\brent\dropbox\muzzler\windows-sync\muzzlersync\debug\a2dabstractshape.sbr
c:\users\brent\dropbox\muzzler\windows-sync\muzzlersync\debug\a2dabstractshader.sbr
c:\users\brent\dropbox\muzzler\windows-sync\muzzlersync\debug\a2dabstractpipelinecomponent.sbr
c:\users\brent\dropbox\muzzler\windows-sync\muzzlersync\debug\a2dabstractcomponent.sbr
c:\users\brent\dropbox\muzzler\windows-sync\muzzlersync\debug\a2dabstract.sbr
c:\users\brent\dropbox\muzzler\windows-sync\muzzlersync\debug\a2d.sbr
c:\users\brent\dropbox\muzzler\windows-sync\muzzlersync\debug\a2dabstract.obj
c:\users\brent\dropbox\muzzler\windows-sync\muzzlersync\debug\a2dabstract.asm
c:\users\brent\dropbox\muzzler\windows-sync\muzzlersync\debug\a2dabstractcomponent.obj
c:\users\brent\dropbox\muzzler\windows-sync\muzzlersync\debug\a2dabstractcomponent.asm
c:\users\brent\dropbox\muzzler\windows-sync\muzzlersync\debug\a2dabstractpipelinecomponent.obj
c:\users\brent\dropbox\muzzler\windows-sync\muzzlersync\debug\a2dabstractpipelinecomponent.asm
c:\users\brent\dropbox\muzzler\windows-sync\muzzlersync\debug\a2dabstractshader.obj
c:\users\brent\dropbox\muzzler\windows-sync\muzzlersync\debug\a2dabstractshader.asm
c:\users\brent\dropbox\muzzler\windows-sync\muzzlersync\debug\a2dabstractshape.obj
c:\users\brent\dropbox\muzzler\windows-sync\muzzlersync\debug\a2dabstractshape.asm
c:\users\brent\dropbox\muzzler\windows-sync\muzzlersync\debug\a2dabstracttexture.obj
c:\users\brent\dropbox\muzzler\windows-sync\muzzlersync\debug\a2dabstracttexture.asm
c:\users\brent\dropbox\muzzler\windows-sync\muzzlersync\debug\a2dbackbuffer.obj
c:\users\brent\dropbox\muzzler\windows-sync\muzzlersync\debug\a2dbackbuffer.asm
c:\users\brent\dropbox\muzzler\windows-sync\muzzlersync\debug\a2dgraphics.obj
c:\users\brent\dropbox\muzzler\windows-sync\muzzlersync\debug\a2dgraphics.asm
c:\users\mathew\dropbox\muzzler\windows-sync\debug\color.cso
c:\users\mathew\dropbox\muzzler\windows-sync\debug\horizontalblur.cso
c:\users\mathew\dropbox\muzzler\windows-sync\debug\texture.cso
c:\users\mathew\dropbox\muzzler\windows-sync\debug\verticalblur.cso
c:\users\brent\dropbox\muzzler\windows-sync\debug\color.cso
c:\users\brent\dropbox\muzzler\windows-sync\debug\horizontalblur.cso
c:\users\brent\dropbox\muzzler\windows-sync\debug\texture.cso
c:\users\brent\dropbox\muzzler\windows-sync\debug\verticalblur.cso
c:\users\mathew\dropbox\muzzler\windows-sync\muzzlersync\debug\a2dgraphics.obj
c:\users\mathew\dropbox\muzzler\windows-sync\muzzlersync\debug\muzzlersync.tlog\cl.command.1.tlog
c:\users\mathew\dropbox\muzzler\windows-sync\muzzlersync\debug\muzzlersync.tlog\cl.read.1.tlog
c:\users\mathew\dropbox\muzzler\windows-sync\muzzlersync\debug\muzzlersync.tlog\cl.read.2.tlog
c:\users\mathew\dropbox\muzzler\windows-sync\muzzlersync\debug\muzzlersync.tlog\cl.read.3.tlog
c:\users\mathew\dropbox\muzzler\windows-sync\muzzlersync\debug\muzzlersync.tlog\cl.read.4.tlog
c:\users\mathew\dropbox\muzzler\windows-sync\muzzlersync\debug\muzzlersync.tlog\cl.read.5.tlog
c:\users\mathew\dropbox\muzzler\windows-sync\muzzlersync\debug\muzzlersync.tlog\cl.read.6.tlog
c:\users\mathew\dropbox\muzzler\windows-sync\muzzlersync\debug\muzzlersync.tlog\cl.read.7.tlog
c:\users\mathew\dropbox\muzzler\windows-sync\muzzlersync\debug\muzzlersync.tlog\cl.write.1.tlog
c:\users\mathew\dropbox\muzzler\windows-sync\muzzlersync\debug\muzzlersync.tlog\muzzlersync.write.1u.tlog
