Build started 11/30/2013 5:32:16 PM.
     1>Project "C:\Users\Mathew\Dropbox\Muzzler\windows-sync\MuzzlerSync\MuzzlerSync.vcxproj" on node 2 (Rebuild target(s)).
     1>ClCompile:
         C:\Program Files (x86)\Microsoft Visual Studio 12.0\VC\bin\CL.exe /c /ZI /nologo /W3 /WX- /Od /Oy- /D WIN32 /D _DEBUG /D _WINDOWS /D _UNICODE /D UNICODE /Gm /EHsc /RTC1 /MDd /GS /fp:precise /Zc:wchar_t /Zc:forScope /Yc"stdafx.h" /Fp"Debug\MuzzlerSync.pch" /FAs /Fa"Debug\\" /Fo"Debug\\" /Fd"Debug\vc120.pdb" /FR"Debug\\" /Gd /TP /analyze- /errorReport:prompt MuzzlerSync.cpp stdafx.cpp
         stdafx.cpp
         MuzzlerSync.cpp
         C:\Program Files (x86)\Microsoft Visual Studio 12.0\VC\bin\CL.exe /c /ZI /nologo /W3 /WX- /Od /Oy- /D WIN32 /D _DEBUG /D _WINDOWS /D _UNICODE /D UNICODE /Gm /EHsc /RTC1 /MDd /GS /fp:precise /Zc:wchar_t /Zc:forScope /FAs /Fa"Debug\\" /Fo"Debug\\" /Fd"Debug\vc120.pdb" /FR"Debug\\" /Gd /TP /analyze- /errorReport:prompt "libs\Aurora SDK\Lib\Source\A2D.cpp" "libs\Aurora SDK\Lib\Source\A2DAbstract.cpp" "libs\Aurora SDK\Lib\Source\A2DAbstractComponent.cpp" "libs\Aurora SDK\Lib\Source\A2DAbstractPipelineComponent.cpp" "libs\Aurora SDK\Lib\Source\A2DAbstractShader.cpp" "libs\Aurora SDK\Lib\Source\A2DAbstractShape.cpp" "libs\Aurora SDK\Lib\Source\A2DAbstractTexture.cpp" "libs\Aurora SDK\Lib\Source\A2DBackBuffer.cpp" "libs\Aurora SDK\Lib\Source\A2DCamera.cpp" "libs\Aurora SDK\Lib\Source\A2DCameraProperties.cpp" "libs\Aurora SDK\Lib\Source\A2DComponent.cpp" "libs\Aurora SDK\Lib\Source\A2DFileInfo.cpp" "libs\Aurora SDK\Lib\Source\A2DGraphics.cpp" "libs\Aurora SDK\Lib\Source\A2DImageProperties.cpp" "libs\Aurora SDK\Lib\Source\A2DMatrixFactory.cpp" "libs\Aurora SDK\Lib\Source\A2DPanel.cpp" "libs\Aurora SDK\Lib\Source\A2DQuad.cpp" "libs\Aurora SDK\Lib\Source\A2DQuadX.cpp" "libs\Aurora SDK\Lib\Source\A2DRenderable.cpp" "libs\Aurora SDK\Lib\Source\A2DRenderData.cpp" "libs\Aurora SDK\Lib\Source\A2DRootPane.cpp" "libs\Aurora SDK\Lib\Source\A2DTexture.cpp" "libs\Aurora SDK\Lib\Source\A2DTextureBuffer.cpp" "libs\Aurora SDK\Lib\Source\A2DTextureShader.cpp" "libs\Aurora SDK\Lib\Source\A2DTextureX.cpp" "libs\Aurora SDK\Lib\Source\A2DVertexData.cpp" "libs\Aurora SDK\Lib\Source\A2DWindow.cpp" "libs\Aurora SDK\Lib\Source\A2DWindowProperties.cpp"
         A2DWindowProperties.cpp
         A2DWindow.cpp
         A2DVertexData.cpp
         A2DTextureX.cpp
         A2DTextureShader.cpp
         A2DTextureBuffer.cpp
         A2DTexture.cpp
         A2DRootPane.cpp
         A2DRenderData.cpp
         A2DRenderable.cpp
         A2DQuadX.cpp
         A2DQuad.cpp
     1>c:\users\mathew\dropbox\muzzler\windows-sync\muzzlersync\libs\aurora sdk\lib\source\a2dquad.cpp(130): warning C4804: '%' : unsafe use of type 'bool' in operation
     1>c:\users\mathew\dropbox\muzzler\windows-sync\muzzlersync\libs\aurora sdk\lib\source\a2dquad.cpp(231): warning C4101: 'result' : unreferenced local variable
         A2DPanel.cpp
         A2DMatrixFactory.cpp
         A2DImageProperties.cpp
         A2DGraphics.cpp
         A2DFileInfo.cpp
         A2DComponent.cpp
         A2DCameraProperties.cpp
         A2DCamera.cpp
         Generating Code...
         Compiling...
         A2DBackBuffer.cpp
         A2DAbstractTexture.cpp
         A2DAbstractShape.cpp
         A2DAbstractShader.cpp
         A2DAbstractPipelineComponent.cpp
         A2DAbstractComponent.cpp
         A2DAbstract.cpp
         A2D.cpp
     1>c:\users\mathew\dropbox\muzzler\windows-sync\muzzlersync\libs\aurora sdk\lib\source\a2d.cpp(110): error C2661: 'A2DTextureBuffer::A2DTextureBuffer' : no overloaded function takes 3 arguments
     1>c:\users\mathew\dropbox\muzzler\windows-sync\muzzlersync\libs\aurora sdk\lib\source\a2d.cpp(111): error C2661: 'A2DTextureBuffer::A2DTextureBuffer' : no overloaded function takes 3 arguments
         Generating Code...
     1>c:\users\mathew\dropbox\muzzler\windows-sync\muzzlersync\libs\aurora sdk\lib\source\a2dabstractshader.cpp(36): warning C4715: 'A2DAbstractShader::LoadFromFile' : not all control paths return a value
     1>c:\users\mathew\dropbox\muzzler\windows-sync\muzzlersync\libs\aurora sdk\lib\source\a2dabstractshader.cpp(130): warning C4715: 'A2DAbstractShader::CreateBlendStates' : not all control paths return a value
     1>c:\users\mathew\dropbox\muzzler\windows-sync\muzzlersync\libs\aurora sdk\lib\source\a2dabstractshader.cpp(47): warning C4700: uninitialized local variable 'hr' used
     1>Done Building Project "C:\Users\Mathew\Dropbox\Muzzler\windows-sync\MuzzlerSync\MuzzlerSync.vcxproj" (Rebuild target(s)) -- FAILED.

Build FAILED.

Time Elapsed 00:00:34.98
